<?xml version="1.0" encoding="UTF-8"?>
<!-- Generated by org.testng.reporters.JUnitReportReporter -->
<testsuite hostname="LAPTOP-MJ3NDP9M" failures="0" tests="1" name="universitymiami.ClickingPg" time="41.454" errors="0" timestamp="2025-02-03T12:54:00 IST" skipped="0">
  <testcase classname="universitymiami.ClickingPg" name="clicking" time="41.454"/>
  <system-out/>
</testsuite> <!-- universitymiami.ClickingPg -->
