<?xml version="1.0" encoding="UTF-8"?>
<!-- Generated by org.testng.reporters.JUnitReportReporter -->
<testsuite hostname="LAPTOP-MJ3NDP9M" failures="0" tests="1" name="universitymiami.ScreenShotPg" time="0.860" errors="0" timestamp="2025-02-05T19:35:51 IST" skipped="0">
  <testcase classname="universitymiami.ScreenShotPg" name="screenshot" time="0.860"/>
  <system-out/>
</testsuite> <!-- universitymiami.ScreenShotPg -->
