<?xml version="1.0" encoding="UTF-8"?>
<!-- Generated by org.testng.reporters.JUnitReportReporter -->
<testsuite hostname="LAPTOP-MJ3NDP9M" failures="0" tests="2" name="universitymiami.ScrollPg" time="2.429" errors="0" timestamp="2025-02-05T19:39:13 IST" skipped="0">
  <testcase classname="universitymiami.ScrollPg" name="scroll" time="0.031"/>
  <system-out/>
  <testcase classname="universitymiami.ScrollPg" name="click" time="2.398"/>
  <system-out/>
</testsuite> <!-- universitymiami.ScrollPg -->
