<?xml version="1.0" encoding="UTF-8"?>
<!-- Generated by org.testng.reporters.JUnitReportReporter -->
<testsuite hostname="LAPTOP-MJ3NDP9M" failures="0" tests="1" name="universitymiami.TittlePg" time="0.060" errors="0" timestamp="2025-02-05T20:31:00 IST" skipped="0">
  <testcase classname="universitymiami.TittlePg" name="title" time="0.060"/>
  <system-out/>
</testsuite> <!-- universitymiami.TittlePg -->
