<?xml version="1.0" encoding="UTF-8"?>
<!-- Generated by org.testng.reporters.JUnitReportReporter -->
<testsuite hostname="LAPTOP-MJ3NDP9M" failures="0" tests="1" name="universitymiami.AdmissionPg" time="5.218" errors="0" timestamp="2025-02-05T21:54:30 IST" skipped="0">
  <testcase classname="universitymiami.AdmissionPg" name="admission" time="5.218"/>
  <system-out/>
</testsuite> <!-- universitymiami.AdmissionPg -->
