<?xml version="1.0" encoding="UTF-8"?>
<!-- Generated by org.testng.reporters.JUnitReportReporter -->
<testsuite hostname="LAPTOP-MJ3NDP9M" failures="0" tests="1" name="universitymiami.LogoPg" time="0.076" errors="0" timestamp="2025-02-03T12:19:10 IST" skipped="0">
  <testcase classname="universitymiami.LogoPg" name="logo" time="0.076"/>
  <system-out/>
</testsuite> <!-- universitymiami.LogoPg -->
