<?xml version="1.0" encoding="UTF-8"?>
<!-- Generated by org.testng.reporters.JUnitReportReporter -->
<testsuite hostname="LAPTOP-MJ3NDP9M" failures="0" tests="1" name="universitymiami.AcademicsPg" time="45.424" errors="0" timestamp="2025-02-08T12:57:46 IST" skipped="0">
  <testcase classname="universitymiami.AcademicsPg" name="academic" time="45.424"/>
  <system-out/>
</testsuite> <!-- universitymiami.AcademicsPg -->
