<?xml version="1.0" encoding="UTF-8"?>
<!-- Generated by org.testng.reporters.JUnitReportReporter -->
<testsuite hostname="LAPTOP-MJ3NDP9M" failures="0" tests="1" name="universitymiami.BrokenLinkPg" time="2.488" errors="0" timestamp="2025-02-03T15:40:47 IST" skipped="0">
  <testcase classname="universitymiami.BrokenLinkPg" name="BrokenLink" time="2.488"/>
  <system-out/>
</testsuite> <!-- universitymiami.BrokenLinkPg -->
