<?xml version="1.0" encoding="UTF-8"?>
<!-- Generated by org.testng.reporters.JUnitReportReporter -->
<testsuite hostname="LAPTOP-MJ3NDP9M" failures="0" tests="1" name="universitymiami.StringPresentPg" time="0.114" errors="0" timestamp="2025-02-05T20:44:40 IST" skipped="0">
  <testcase classname="universitymiami.StringPresentPg" name="present" time="0.114"/>
  <system-out/>
</testsuite> <!-- universitymiami.StringPresentPg -->
